<?xml version="1.0" encoding="UTF-8"?>
<robot generator="Robot 7.3.2 (Python 3.12.3 on linux)" generated="2026-01-08T18:24:21.031169" rpa="false" schemaversion="5">
<suite id="s1" name="Tests" source="/home/mohamed/projects/the-internet-tests/tests">
<suite id="s1-s1" name="Cart Tests" source="/home/mohamed/projects/the-internet-tests/tests/cart_tests.robot">
<test id="s1-s1-t1" name="QA-12 Mise à jour du badge du panier après ajout du premier produit" line="24">
<kw name="Open Browser" owner="SeleniumLibrary">
<msg time="2026-01-08T18:24:21.393251" level="INFO">Opening browser 'Chrome' to base url 'https://www.saucedemo.com/'.</msg>
<arg>${URL}</arg>
<arg>${BROWSER}</arg>
<doc>Opens a new browser instance to the optional ``url``.</doc>
<status status="PASS" start="2026-01-08T18:24:21.392863" elapsed="7.538043"/>
</kw>
<kw name="Maximize Browser Window" owner="SeleniumLibrary">
<doc>Maximizes current browser window.</doc>
<status status="PASS" start="2026-01-08T18:24:28.932940" elapsed="0.046462"/>
</kw>
<kw name="Input Text" owner="SeleniumLibrary">
<msg time="2026-01-08T18:24:28.980753" level="INFO">Typing text 'standard_user' into text field 'id=user-name'.</msg>
<arg>${USERNAME_FIELD}</arg>
<arg>standard_user</arg>
<doc>Types the given ``text`` into the text field identified by ``locator``.</doc>
<status status="PASS" start="2026-01-08T18:24:28.979759" elapsed="0.549009"/>
</kw>
<kw name="Input Text" owner="SeleniumLibrary">
<msg time="2026-01-08T18:24:29.530414" level="INFO">Typing text 'secret_sauce' into text field 'id=password'.</msg>
<arg>${PASSWORD_FIELD}</arg>
<arg>secret_sauce</arg>
<doc>Types the given ``text`` into the text field identified by ``locator``.</doc>
<status status="PASS" start="2026-01-08T18:24:29.529758" elapsed="0.240430"/>
</kw>
<kw name="Click Button" owner="SeleniumLibrary">
<msg time="2026-01-08T18:24:29.771671" level="INFO">Clicking button 'id=login-button'.</msg>
<arg>${LOGIN_BUTTON}</arg>
<doc>Clicks the button identified by ``locator``.</doc>
<status status="PASS" start="2026-01-08T18:24:29.771213" elapsed="0.348816"/>
</kw>
<kw name="Wait Until Page Contains" owner="SeleniumLibrary">
<arg>Products</arg>
<arg>timeout=10s</arg>
<doc>Waits until ``text`` appears on the current page.</doc>
<status status="PASS" start="2026-01-08T18:24:30.122283" elapsed="0.043999"/>
</kw>
<kw name="Click Element" owner="SeleniumLibrary">
<msg time="2026-01-08T18:24:30.169098" level="INFO">Clicking element 'id=add-to-cart-sauce-labs-backpack'.</msg>
<arg>${BACKPACK_ADD_BTN}</arg>
<doc>Click the element identified by ``locator``.</doc>
<status status="PASS" start="2026-01-08T18:24:30.168640" elapsed="0.241414"/>
</kw>
<kw name="Wait Until Element Is Visible" owner="SeleniumLibrary">
<arg>${CART_BADGE}</arg>
<arg>timeout=10s</arg>
<doc>Waits until the element ``locator`` is visible.</doc>
<status status="PASS" start="2026-01-08T18:24:30.414055" elapsed="0.042903"/>
</kw>
<kw name="Element Text Should Be" owner="SeleniumLibrary">
<msg time="2026-01-08T18:24:30.457627" level="INFO">Verifying element 'css:.shopping_cart_badge' contains exact text '1'.</msg>
<arg>${CART_BADGE}</arg>
<arg>1</arg>
<doc>Verifies that element ``locator`` contains exact the text ``expected``.</doc>
<status status="PASS" start="2026-01-08T18:24:30.457240" elapsed="0.051429"/>
</kw>
<kw name="Close Browser" owner="SeleniumLibrary" type="TEARDOWN">
<doc>Closes the current browser.</doc>
<status status="PASS" start="2026-01-08T18:24:30.511094" elapsed="0.149057"/>
</kw>
<doc>Vérifie que le badge devient "1" sur la page d'accueil.</doc>
<tag>QA-12</tag>
<status status="PASS" start="2026-01-08T18:24:21.391216" elapsed="9.269249"/>
</test>
<test id="s1-s1-t2" name="QA-13 Vérification du contenu du panier après ajout" line="39">
<kw name="Open Browser" owner="SeleniumLibrary">
<msg time="2026-01-08T18:24:30.666075" level="INFO">Opening browser 'Chrome' to base url 'https://www.saucedemo.com/'.</msg>
<arg>${URL}</arg>
<arg>${BROWSER}</arg>
<doc>Opens a new browser instance to the optional ``url``.</doc>
<status status="PASS" start="2026-01-08T18:24:30.665440" elapsed="2.140753"/>
</kw>
<kw name="Maximize Browser Window" owner="SeleniumLibrary">
<doc>Maximizes current browser window.</doc>
<status status="PASS" start="2026-01-08T18:24:32.807694" elapsed="0.088020"/>
</kw>
<kw name="Input Text" owner="SeleniumLibrary">
<msg time="2026-01-08T18:24:32.897299" level="INFO">Typing text 'standard_user' into text field 'id=user-name'.</msg>
<arg>${USERNAME_FIELD}</arg>
<arg>standard_user</arg>
<doc>Types the given ``text`` into the text field identified by ``locator``.</doc>
<status status="PASS" start="2026-01-08T18:24:32.896866" elapsed="0.519820"/>
</kw>
<kw name="Input Text" owner="SeleniumLibrary">
<msg time="2026-01-08T18:24:33.420625" level="INFO">Typing text 'secret_sauce' into text field 'id=password'.</msg>
<arg>${PASSWORD_FIELD}</arg>
<arg>secret_sauce</arg>
<doc>Types the given ``text`` into the text field identified by ``locator``.</doc>
<status status="PASS" start="2026-01-08T18:24:33.420029" elapsed="0.285576"/>
</kw>
<kw name="Click Button" owner="SeleniumLibrary">
<msg time="2026-01-08T18:24:33.706449" level="INFO">Clicking button 'id=login-button'.</msg>
<arg>${LOGIN_BUTTON}</arg>
<doc>Clicks the button identified by ``locator``.</doc>
<status status="PASS" start="2026-01-08T18:24:33.705949" elapsed="0.332477"/>
</kw>
<kw name="Wait Until Page Contains" owner="SeleniumLibrary">
<arg>Products</arg>
<arg>timeout=10s</arg>
<doc>Waits until ``text`` appears on the current page.</doc>
<status status="PASS" start="2026-01-08T18:24:34.039383" elapsed="0.027281"/>
</kw>
<kw name="Click Element" owner="SeleniumLibrary">
<msg time="2026-01-08T18:24:34.067774" level="INFO">Clicking element 'id=add-to-cart-sauce-labs-backpack'.</msg>
<arg>${BACKPACK_ADD_BTN}</arg>
<doc>Click the element identified by ``locator``.</doc>
<status status="PASS" start="2026-01-08T18:24:34.067419" elapsed="0.273286"/>
</kw>
<kw name="Click Element" owner="SeleniumLibrary">
<msg time="2026-01-08T18:24:34.346030" level="INFO">Clicking element 'css:a[data-test='shopping-cart-link']'.</msg>
<arg>${CART_ICON}</arg>
<doc>Click the element identified by ``locator``.</doc>
<status status="PASS" start="2026-01-08T18:24:34.344854" elapsed="0.180466"/>
</kw>
<kw name="Wait Until Page Contains" owner="SeleniumLibrary">
<arg>Your Cart</arg>
<arg>timeout=15s</arg>
<doc>Waits until ``text`` appears on the current page.</doc>
<status status="PASS" start="2026-01-08T18:24:34.526619" elapsed="1.922929"/>
</kw>
<kw name="Element Text Should Be" owner="SeleniumLibrary">
<msg time="2026-01-08T18:24:36.450327" level="INFO">Verifying element 'css:.cart_item .inventory_item_name[data-test='inventory-item-name']' contains exact text 'Sauce Labs Backpack'.</msg>
<arg>${CART_PRODUCT_NAME}</arg>
<arg>Sauce Labs Backpack</arg>
<doc>Verifies that element ``locator`` contains exact the text ``expected``.</doc>
<status status="PASS" start="2026-01-08T18:24:36.449924" elapsed="0.059554"/>
</kw>
<kw name="Element Text Should Be" owner="SeleniumLibrary">
<msg time="2026-01-08T18:24:36.510216" level="INFO">Verifying element 'css:.cart_quantity[data-test='item-quantity']' contains exact text '1'.</msg>
<arg>${CART_QUANTITY}</arg>
<arg>1</arg>
<doc>Verifies that element ``locator`` contains exact the text ``expected``.</doc>
<status status="PASS" start="2026-01-08T18:24:36.509809" elapsed="0.054138"/>
</kw>
<kw name="Element Text Should Be" owner="SeleniumLibrary">
<msg time="2026-01-08T18:24:36.564861" level="INFO">Verifying element 'css:.cart_item .inventory_item_price[data-test='inventory-item-price']' contains exact text '$29.99'.</msg>
<arg>${CART_PRICE}</arg>
<arg>$29.99</arg>
<doc>Verifies that element ``locator`` contains exact the text ``expected``.</doc>
<status status="PASS" start="2026-01-08T18:24:36.564284" elapsed="0.048335"/>
</kw>
<kw name="Close Browser" owner="SeleniumLibrary" type="TEARDOWN">
<doc>Closes the current browser.</doc>
<status status="PASS" start="2026-01-08T18:24:36.613123" elapsed="0.077299"/>
</kw>
<doc>Vérifie que le produit apparaît correctement dans la page du panier.</doc>
<tag>QA-13</tag>
<status status="PASS" start="2026-01-08T18:24:30.661323" elapsed="6.029361"/>
</test>
<status status="PASS" start="2026-01-08T18:24:21.073740" elapsed="15.618179"/>
</suite>
<suite id="s1-s2" name="Login Tests" source="/home/mohamed/projects/the-internet-tests/tests/login_tests.robot">
<test id="s1-s2-t1" name="QA-10 Login with Valid Credentials" line="16">
<kw name="Open Browser" owner="SeleniumLibrary">
<msg time="2026-01-08T18:24:36.699897" level="INFO">Opening browser 'Chrome' to base url 'https://www.saucedemo.com/'.</msg>
<arg>${URL}</arg>
<arg>${BROWSER}</arg>
<doc>Opens a new browser instance to the optional ``url``.</doc>
<status status="PASS" start="2026-01-08T18:24:36.699237" elapsed="2.042554"/>
</kw>
<kw name="Maximize Browser Window" owner="SeleniumLibrary">
<doc>Maximizes current browser window.</doc>
<status status="PASS" start="2026-01-08T18:24:38.742599" elapsed="0.041020"/>
</kw>
<kw name="Input Text" owner="SeleniumLibrary">
<msg time="2026-01-08T18:24:38.785094" level="INFO">Typing text 'standard_user' into text field 'id=user-name'.</msg>
<arg>${USERNAME_FIELD}</arg>
<arg>standard_user</arg>
<doc>Types the given ``text`` into the text field identified by ``locator``.</doc>
<status status="PASS" start="2026-01-08T18:24:38.784008" elapsed="0.599360"/>
</kw>
<kw name="Input Text" owner="SeleniumLibrary">
<msg time="2026-01-08T18:24:39.384162" level="INFO">Typing text 'secret_sauce' into text field 'id=password'.</msg>
<arg>${PASSWORD_FIELD}</arg>
<arg>secret_sauce</arg>
<doc>Types the given ``text`` into the text field identified by ``locator``.</doc>
<status status="PASS" start="2026-01-08T18:24:39.383722" elapsed="0.281208"/>
</kw>
<kw name="Click Button" owner="SeleniumLibrary">
<msg time="2026-01-08T18:24:39.665610" level="INFO">Clicking button 'id=login-button'.</msg>
<arg>${LOGIN_BUTTON}</arg>
<doc>Clicks the button identified by ``locator``.</doc>
<status status="PASS" start="2026-01-08T18:24:39.665238" elapsed="0.286444"/>
</kw>
<kw name="Wait Until Element Is Visible" owner="SeleniumLibrary">
<arg>id=inventory_container</arg>
<arg>timeout=10s</arg>
<doc>Waits until the element ``locator`` is visible.</doc>
<status status="PASS" start="2026-01-08T18:24:39.952038" elapsed="0.086434"/>
</kw>
<kw name="Close Browser" owner="SeleniumLibrary" type="TEARDOWN">
<doc>Closes the current browser.</doc>
<status status="PASS" start="2026-01-08T18:24:40.040454" elapsed="0.088759"/>
</kw>
<tag>QA-10</tag>
<status status="PASS" start="2026-01-08T18:24:36.698258" elapsed="3.431271"/>
</test>
<test id="s1-s2-t2" name="QA-11 Login with Invalid Credentials" line="31">
<kw name="Open Browser" owner="SeleniumLibrary">
<msg time="2026-01-08T18:24:40.138271" level="INFO">Opening browser 'Chrome' to base url 'https://www.saucedemo.com/'.</msg>
<arg>${URL}</arg>
<arg>${BROWSER}</arg>
<doc>Opens a new browser instance to the optional ``url``.</doc>
<status status="PASS" start="2026-01-08T18:24:40.137729" elapsed="2.528011"/>
</kw>
<kw name="Maximize Browser Window" owner="SeleniumLibrary">
<doc>Maximizes current browser window.</doc>
<status status="PASS" start="2026-01-08T18:24:42.666076" elapsed="0.050136"/>
</kw>
<kw name="Input Text" owner="SeleniumLibrary">
<msg time="2026-01-08T18:24:42.718937" level="INFO">Typing text 'random_user' into text field 'id=user-name'.</msg>
<arg>${USERNAME_FIELD}</arg>
<arg>random_user</arg>
<doc>Types the given ``text`` into the text field identified by ``locator``.</doc>
<status status="PASS" start="2026-01-08T18:24:42.718407" elapsed="0.421642"/>
</kw>
<kw name="Input Text" owner="SeleniumLibrary">
<msg time="2026-01-08T18:24:43.140799" level="INFO">Typing text 'wrong_password' into text field 'id=password'.</msg>
<arg>${PASSWORD_FIELD}</arg>
<arg>wrong_password</arg>
<doc>Types the given ``text`` into the text field identified by ``locator``.</doc>
<status status="PASS" start="2026-01-08T18:24:43.140471" elapsed="0.257609"/>
</kw>
<kw name="Click Button" owner="SeleniumLibrary">
<msg time="2026-01-08T18:24:43.398888" level="INFO">Clicking button 'id=login-button'.</msg>
<arg>${LOGIN_BUTTON}</arg>
<doc>Clicks the button identified by ``locator``.</doc>
<status status="PASS" start="2026-01-08T18:24:43.398458" elapsed="0.192387"/>
</kw>
<kw name="Wait Until Element Is Visible" owner="SeleniumLibrary">
<arg>${ERROR_MESSAGE}</arg>
<arg>timeout=5s</arg>
<doc>Waits until the element ``locator`` is visible.</doc>
<status status="PASS" start="2026-01-08T18:24:43.591216" elapsed="0.051414"/>
</kw>
<kw name="Element Should Contain" owner="SeleniumLibrary">
<msg time="2026-01-08T18:24:43.686139" level="INFO">Element 'xpath=//h3[@data-test='error']' contains text 'do not match any user'.</msg>
<arg>${ERROR_MESSAGE}</arg>
<arg>do not match any user</arg>
<doc>Verifies that element ``locator`` contains text ``expected``.</doc>
<status status="PASS" start="2026-01-08T18:24:43.642971" elapsed="0.043306"/>
</kw>
<kw name="Close Browser" owner="SeleniumLibrary" type="TEARDOWN">
<doc>Closes the current browser.</doc>
<status status="PASS" start="2026-01-08T18:24:43.687829" elapsed="0.111768"/>
</kw>
<doc>Vérifie qu'un message d'erreur s'affiche pour des identifiants invalides.</doc>
<tag>QA-11</tag>
<status status="PASS" start="2026-01-08T18:24:40.131781" elapsed="3.668120"/>
</test>
<status status="PASS" start="2026-01-08T18:24:36.693218" elapsed="7.107660"/>
</suite>
<status status="PASS" start="2026-01-08T18:24:21.032602" elapsed="22.770603"/>
</suite>
<statistics>
<total>
<stat pass="4" fail="0" skip="0">All Tests</stat>
</total>
<tag>
<stat pass="1" fail="0" skip="0">QA-10</stat>
<stat pass="1" fail="0" skip="0">QA-11</stat>
<stat pass="1" fail="0" skip="0">QA-12</stat>
<stat pass="1" fail="0" skip="0">QA-13</stat>
</tag>
<suite>
<stat name="Tests" id="s1" pass="4" fail="0" skip="0">Tests</stat>
<stat name="Cart Tests" id="s1-s1" pass="2" fail="0" skip="0">Tests.Cart Tests</stat>
<stat name="Login Tests" id="s1-s2" pass="2" fail="0" skip="0">Tests.Login Tests</stat>
</suite>
</statistics>
<errors>
</errors>
</robot>
